<?xml version="1.0" encoding="UTF-8"?>
<!-- Generated by org.testng.reporters.JUnitReportReporter -->
<testsuite hostname="geetesh" name="testScript.Scenario_Login" tests="1" failures="0" timestamp="7 Mar 2016 15:17:41 GMT" time="23.747" errors="0">
  <testcase name="doLogin" time="23.747" classname="testScript.Scenario_Login"/>
</testsuite> <!-- testScript.Scenario_Login -->
