<?xml version="1.0" encoding="UTF-8"?>
<!-- Generated by org.testng.reporters.JUnitReportReporter -->
<testsuite hostname="geetesh" name="testScript.Scenario_Search" tests="1" failures="0" timestamp="7 Mar 2016 15:17:41 GMT" time="12.390" errors="0">
  <testcase name="doSearch" time="12.390" classname="testScript.Scenario_Search"/>
</testsuite> <!-- testScript.Scenario_Search -->
